<?xml version="1.0" encoding="UTF-8"?>
<!-- Generated by org.testng.reporters.JUnitXMLReporter -->
<testsuite ignored="2" hostname="Shorouq-Spectre" failures="0" tests="1" name="Default test" time="15.533" errors="0" timestamp="2021-02-13T12:47:46 EET">
  <testcase classname="test.CreateAccountTest" name="verifyRegisteration_isSuccessful" time="6.616"/>
  <testcase classname="test.CreateAccountTest" name="verifyRegisteration_usingNonMatchingPasswordAndConfirmPassword" time="0.0">
    <ignored/>
  </testcase> <!-- verifyRegisteration_usingNonMatchingPasswordAndConfirmPassword -->
  <testcase classname="test.CreateAccountTest" name="verifyRegisteration_usingInvalidEmailFormat_fails" time="0.0">
    <ignored/>
  </testcase> <!-- verifyRegisteration_usingInvalidEmailFormat_fails -->
</testsuite> <!-- Default test -->
