<?xml version="1.0" encoding="UTF-8"?>
<!-- Generated by org.testng.reporters.JUnitXMLReporter -->
<testsuite ignored="0" hostname="DESKTOP-NJAAO8L" failures="0" tests="1" name="Test" time="0.169" errors="0" timestamp="2020-05-14T19:54:00 EET">
  <testcase classname="googleTest.GoogleSearchTest" name="@BeforeClass beforeClass" time="0.059">
    <failure type="java.lang.NullPointerException">
      <![CDATA[java.lang.NullPointerException
at java.base/java.util.Objects.requireNonNull(Objects.java:222)
at org.openqa.selenium.interactions.Actions.<init>(Actions.java:65)
at base.Driver.<init>(Driver.java:15)
at pages.GoogleSearch.<init>(GoogleSearch.java:14)
at googleTest.GoogleSearchTest.beforeClass(GoogleSearchTest.java:28)
at java.base/java.util.ArrayList.forEach(ArrayList.java:1507)
... Removed 25 stack frames]]>
    </failure>
  </testcase> <!-- @BeforeClass beforeClass -->
  <testcase classname="googleTest.GoogleSearchTest" name="verifyGooglePlay_isTheFirstResult" time="0.0">
    <skipped/>
  </testcase> <!-- verifyGooglePlay_isTheFirstResult -->
</testsuite> <!-- Test -->
