<?xml version="1.0" encoding="UTF-8"?>
<!-- Generated by org.testng.reporters.JUnitXMLReporter -->
<testsuite ignored="2" hostname="DESKTOP-NJAAO8L" failures="0" tests="1" name="Test" time="2.225" errors="0" timestamp="2020-05-15T14:54:44 EET">
  <testcase classname="test.GoogleSearchTest" name="verifyGooglePlay_isTheFirstResult" time="2.115"/>
  <testcase classname="test.TestBase" name="@BeforeSuite startDriver" time="0.0">
    <ignored/>
  </testcase> <!-- @BeforeSuite startDriver -->
  <testcase classname="test.TestBase" name="@AfterSuite stopDriver" time="0.0">
    <ignored/>
  </testcase> <!-- @AfterSuite stopDriver -->
</testsuite> <!-- Test -->
