<?xml version="1.0" encoding="UTF-8"?>
<!-- Generated by org.testng.reporters.JUnitXMLReporter -->
<testsuite ignored="0" hostname="DESKTOP-NJAAO8L" failures="0" tests="7" name="Test" time="26.553" errors="0" timestamp="2020-05-18T23:11:00 EET">
  <testcase classname="test.CreateAccountTest" name="verifyRegisteration_usingInvalidEmailFormat_fails" time="3.023"/>
  <testcase classname="test.CreateAccountTest" name="verifyRegisteration_usingInvalidEmailFormat_fails" time="2.728"/>
  <testcase classname="test.CreateAccountTest" name="verifyRegisteration_usingInvalidEmailFormat_fails" time="3.501"/>
  <testcase classname="test.CreateAccountTest" name="verifyRegisteration_usingInvalidEmailFormat_fails" time="2.897"/>
  <testcase classname="test.CreateAccountTest" name="verifyRegisteration_usingInvalidEmailFormat_fails" time="2.537"/>
  <testcase classname="test.CreateAccountTest" name="verifyRegisteration_usingValidEmail_naviagtesToRegisterationPage" time="4.451"/>
  <testcase classname="test.CreateAccountTest" name="verifyRegisteration_isSuccessful" time="5.713"/>
</testsuite> <!-- Test -->
